[0.114s] DEBUG:colcon:Command line arguments: ['/usr/bin/colcon', 'build', '--symlink-install', '--packages-ignore', 'proto2ros_tests']
[0.114s] DEBUG:colcon:Parsed command line arguments: Namespace(log_base=None, log_level=None, verb_name='build', build_base='build', install_base='install', merge_install=False, symlink_install=True, test_result_base=None, continue_on_error=False, executor='parallel', parallel_workers=12, event_handlers=None, ignore_user_meta=False, metas=['./colcon.meta'], base_paths=['.'], packages_ignore=['proto2ros_tests'], packages_ignore_regex=None, paths=None, packages_up_to=None, packages_up_to_regex=None, packages_above=None, packages_above_and_dependencies=None, packages_above_depth=None, packages_select_by_dep=None, packages_skip_by_dep=None, packages_skip_up_to=None, packages_select_build_failed=False, packages_skip_build_finished=False, packages_select_test_failures=False, packages_skip_test_passed=False, packages_select=None, packages_skip=None, packages_select_regex=None, packages_skip_regex=None, packages_start=None, packages_end=None, allow_overriding=[], cmake_args=None, cmake_target=None, cmake_target_skip_unavailable=False, cmake_clean_cache=False, cmake_clean_first=False, cmake_force_configure=False, ament_cmake_args=None, catkin_cmake_args=None, catkin_skip_building_tests=False, mixin_files=None, mixin=None, verb_parser=<colcon_mixin.mixin.mixin_argument.MixinArgumentDecorator object at 0x754de144a170>, verb_extension=<colcon_core.verb.build.BuildVerb object at 0x754de1556800>, main=<bound method BuildVerb.main of <colcon_core.verb.build.BuildVerb object at 0x754de1556800>>, mixin_verb=('build',))
[0.334s] Level 1:colcon.colcon_core.package_discovery:discover_packages(colcon_meta) check parameters
[0.334s] Level 1:colcon.colcon_core.package_discovery:discover_packages(recursive) check parameters
[0.334s] Level 1:colcon.colcon_core.package_discovery:discover_packages(ignore) check parameters
[0.334s] Level 1:colcon.colcon_core.package_discovery:discover_packages(path) check parameters
[0.334s] Level 1:colcon.colcon_core.package_discovery:discover_packages(colcon_meta) discover
[0.334s] Level 1:colcon.colcon_core.package_discovery:discover_packages(recursive) discover
[0.334s] INFO:colcon.colcon_core.package_discovery:Crawling recursively for packages in '/home/homer/ros2_ws/src/spot_driver'
[0.334s] Level 1:colcon.colcon_core.package_identification:_identify(.) by extensions ['ignore', 'ignore_ament_install']
[0.334s] Level 1:colcon.colcon_core.package_identification:_identify(.) by extension 'ignore'
[0.334s] Level 1:colcon.colcon_core.package_identification:_identify(.) by extension 'ignore_ament_install'
[0.334s] Level 1:colcon.colcon_core.package_identification:_identify(.) by extensions ['colcon_pkg']
[0.334s] Level 1:colcon.colcon_core.package_identification:_identify(.) by extension 'colcon_pkg'
[0.335s] Level 1:colcon.colcon_core.package_identification:_identify(.) by extensions ['colcon_meta']
[0.335s] Level 1:colcon.colcon_core.package_identification:_identify(.) by extension 'colcon_meta'
[0.335s] Level 1:colcon.colcon_core.package_identification:_identify(.) by extensions ['ros']
[0.335s] Level 1:colcon.colcon_core.package_identification:_identify(.) by extension 'ros'
[0.350s] DEBUG:colcon.colcon_core.package_identification:Package '.' with type 'ros.ament_cmake' and name 'spot_driver'
[0.351s] Level 1:colcon.colcon_core.package_discovery:discover_packages(recursive) using defaults
[0.351s] Level 1:colcon.colcon_core.package_discovery:discover_packages(ignore) discover
[0.351s] Level 1:colcon.colcon_core.package_discovery:discover_packages(ignore) using defaults
[0.351s] Level 1:colcon.colcon_core.package_discovery:discover_packages(path) discover
[0.351s] Level 1:colcon.colcon_core.package_discovery:discover_packages(path) using defaults
[0.369s] WARNING:colcon.colcon_core.package_discovery:ignoring unknown package 'proto2ros_tests' in --packages-ignore
[0.370s] Level 1:colcon.colcon_core.package_discovery:discover_packages(prefix_path) check parameters
[0.370s] Level 1:colcon.colcon_core.package_discovery:discover_packages(prefix_path) discover
[0.373s] DEBUG:colcon.colcon_installed_package_information.package_discovery:Found 291 installed packages in /opt/ros/humble
[0.375s] Level 1:colcon.colcon_core.package_discovery:discover_packages(prefix_path) using defaults
[0.414s] Level 5:colcon.colcon_core.verb:set package 'spot_driver' build argument 'cmake_args' from command line to 'None'
[0.414s] Level 5:colcon.colcon_core.verb:set package 'spot_driver' build argument 'cmake_target' from command line to 'None'
[0.414s] Level 5:colcon.colcon_core.verb:set package 'spot_driver' build argument 'cmake_target_skip_unavailable' from command line to 'False'
[0.414s] Level 5:colcon.colcon_core.verb:set package 'spot_driver' build argument 'cmake_clean_cache' from command line to 'False'
[0.414s] Level 5:colcon.colcon_core.verb:set package 'spot_driver' build argument 'cmake_clean_first' from command line to 'False'
[0.414s] Level 5:colcon.colcon_core.verb:set package 'spot_driver' build argument 'cmake_force_configure' from command line to 'False'
[0.414s] Level 5:colcon.colcon_core.verb:set package 'spot_driver' build argument 'ament_cmake_args' from command line to 'None'
[0.414s] Level 5:colcon.colcon_core.verb:set package 'spot_driver' build argument 'catkin_cmake_args' from command line to 'None'
[0.414s] Level 5:colcon.colcon_core.verb:set package 'spot_driver' build argument 'catkin_skip_building_tests' from command line to 'False'
[0.414s] DEBUG:colcon.colcon_core.verb:Building package 'spot_driver' with the following arguments: {'ament_cmake_args': None, 'build_base': '/home/homer/ros2_ws/src/spot_driver/build/spot_driver', 'catkin_cmake_args': None, 'catkin_skip_building_tests': False, 'cmake_args': None, 'cmake_clean_cache': False, 'cmake_clean_first': False, 'cmake_force_configure': False, 'cmake_target': None, 'cmake_target_skip_unavailable': False, 'install_base': '/home/homer/ros2_ws/src/spot_driver/install/spot_driver', 'merge_install': False, 'path': '/home/homer/ros2_ws/src/spot_driver', 'symlink_install': True, 'test_result_base': None}
[0.414s] INFO:colcon.colcon_core.executor:Executing jobs using 'parallel' executor
[0.415s] DEBUG:colcon.colcon_parallel_executor.executor.parallel:run_until_complete
[0.415s] INFO:colcon.colcon_ros.task.ament_cmake.build:Building ROS package in '/home/homer/ros2_ws/src/spot_driver' with build type 'ament_cmake'
[0.416s] INFO:colcon.colcon_cmake.task.cmake.build:Building CMake package in '/home/homer/ros2_ws/src/spot_driver'
[0.417s] INFO:colcon.colcon_core.plugin_system:Skipping extension 'colcon_core.shell.bat': Not used on non-Windows systems
[0.418s] INFO:colcon.colcon_core.shell:Skip shell extension 'powershell' for command environment: Not usable outside of PowerShell
[0.418s] DEBUG:colcon.colcon_core.shell:Skip shell extension 'dsv' for command environment
[0.425s] DEBUG:colcon.colcon_core.event_handler.log_command:Invoking command in '/home/homer/ros2_ws/src/spot_driver/build/spot_driver': CMAKE_PREFIX_PATH=/opt/ros/humble /usr/bin/cmake /home/homer/ros2_ws/src/spot_driver -DAMENT_CMAKE_SYMLINK_INSTALL=1 -DCMAKE_INSTALL_PREFIX=/home/homer/ros2_ws/src/spot_driver/install/spot_driver
[2.513s] DEBUG:colcon.colcon_core.event_handler.log_command:Invoked command in '/home/homer/ros2_ws/src/spot_driver/build/spot_driver' returned '1': CMAKE_PREFIX_PATH=/opt/ros/humble /usr/bin/cmake /home/homer/ros2_ws/src/spot_driver -DAMENT_CMAKE_SYMLINK_INSTALL=1 -DCMAKE_INSTALL_PREFIX=/home/homer/ros2_ws/src/spot_driver/install/spot_driver
[2.524s] Level 1:colcon.colcon_core.environment:create_environment_scripts_only(spot_driver)
[2.526s] Level 1:colcon.colcon_core.environment:checking '/home/homer/ros2_ws/src/spot_driver/install/spot_driver' for CMake module files
[2.526s] Level 1:colcon.colcon_core.environment:checking '/home/homer/ros2_ws/src/spot_driver/install/spot_driver' for CMake config files
[2.527s] Level 1:colcon.colcon_core.environment:checking '/home/homer/ros2_ws/src/spot_driver/install/spot_driver/bin'
[2.527s] Level 1:colcon.colcon_core.environment:checking '/home/homer/ros2_ws/src/spot_driver/install/spot_driver/lib/pkgconfig/spot_driver.pc'
[2.527s] Level 1:colcon.colcon_core.environment:checking '/home/homer/ros2_ws/src/spot_driver/install/spot_driver/lib/python3.10/site-packages'
[2.527s] Level 1:colcon.colcon_core.environment:checking '/home/homer/ros2_ws/src/spot_driver/install/spot_driver/bin'
[2.527s] INFO:colcon.colcon_core.shell:Creating package script '/home/homer/ros2_ws/src/spot_driver/install/spot_driver/share/spot_driver/package.ps1'
[2.528s] INFO:colcon.colcon_core.shell:Creating package descriptor '/home/homer/ros2_ws/src/spot_driver/install/spot_driver/share/spot_driver/package.dsv'
[2.529s] INFO:colcon.colcon_core.shell:Creating package script '/home/homer/ros2_ws/src/spot_driver/install/spot_driver/share/spot_driver/package.sh'
[2.529s] INFO:colcon.colcon_core.shell:Creating package script '/home/homer/ros2_ws/src/spot_driver/install/spot_driver/share/spot_driver/package.bash'
[2.530s] INFO:colcon.colcon_core.shell:Creating package script '/home/homer/ros2_ws/src/spot_driver/install/spot_driver/share/spot_driver/package.zsh'
[2.530s] Level 1:colcon.colcon_core.environment:create_file_with_runtime_dependencies(/home/homer/ros2_ws/src/spot_driver/install/spot_driver/share/colcon-core/packages/spot_driver)
[2.541s] DEBUG:colcon.colcon_parallel_executor.executor.parallel:closing loop
[2.541s] DEBUG:colcon.colcon_parallel_executor.executor.parallel:loop closed
[2.541s] DEBUG:colcon.colcon_parallel_executor.executor.parallel:run_until_complete finished with '1'
[2.541s] DEBUG:colcon.colcon_core.event_reactor:joining thread
[2.546s] INFO:colcon.colcon_core.plugin_system:Skipping extension 'colcon_notification.desktop_notification.terminal_notifier': Not used on non-Darwin systems
[2.546s] INFO:colcon.colcon_core.plugin_system:Skipping extension 'colcon_notification.desktop_notification.win32': Not used on non-Windows systems
[2.546s] INFO:colcon.colcon_notification.desktop_notification:Sending desktop notification using 'notify2'
[2.557s] DEBUG:colcon.colcon_core.event_reactor:joined thread
[2.557s] INFO:colcon.colcon_core.shell:Creating prefix script '/home/homer/ros2_ws/src/spot_driver/install/local_setup.ps1'
[2.558s] INFO:colcon.colcon_core.shell:Creating prefix util module '/home/homer/ros2_ws/src/spot_driver/install/_local_setup_util_ps1.py'
[2.559s] INFO:colcon.colcon_core.shell:Creating prefix chain script '/home/homer/ros2_ws/src/spot_driver/install/setup.ps1'
[2.560s] INFO:colcon.colcon_core.shell:Creating prefix script '/home/homer/ros2_ws/src/spot_driver/install/local_setup.sh'
[2.560s] INFO:colcon.colcon_core.shell:Creating prefix util module '/home/homer/ros2_ws/src/spot_driver/install/_local_setup_util_sh.py'
[2.561s] INFO:colcon.colcon_core.shell:Creating prefix chain script '/home/homer/ros2_ws/src/spot_driver/install/setup.sh'
[2.562s] INFO:colcon.colcon_core.shell:Creating prefix script '/home/homer/ros2_ws/src/spot_driver/install/local_setup.bash'
[2.563s] INFO:colcon.colcon_core.shell:Creating prefix chain script '/home/homer/ros2_ws/src/spot_driver/install/setup.bash'
[2.564s] INFO:colcon.colcon_core.shell:Creating prefix script '/home/homer/ros2_ws/src/spot_driver/install/local_setup.zsh'
[2.565s] INFO:colcon.colcon_core.shell:Creating prefix chain script '/home/homer/ros2_ws/src/spot_driver/install/setup.zsh'
