[0.009s] Invoking command in '/home/homer/ros2_ws/src/spot_driver/build/spot_driver': CMAKE_PREFIX_PATH=/opt/ros/humble /usr/bin/cmake /home/homer/ros2_ws/src/spot_driver -DAMENT_CMAKE_SYMLINK_INSTALL=1 -DCMAKE_INSTALL_PREFIX=/home/homer/ros2_ws/src/spot_driver/install/spot_driver
[0.059s] -- The C compiler identification is GNU 11.4.0
[0.110s] -- The CXX compiler identification is GNU 11.4.0
[0.117s] -- Detecting C compiler ABI info
[0.184s] -- Detecting C compiler ABI info - done
[0.191s] -- Check for working C compiler: /usr/bin/cc - skipped
[0.192s] -- Detecting C compile features
[0.192s] -- Detecting C compile features - done
[0.195s] -- Detecting CXX compiler ABI info
[0.269s] -- Detecting CXX compiler ABI info - done
[0.277s] -- Check for working CXX compiler: /usr/bin/c++ - skipped
[0.277s] -- Detecting CXX compile features
[0.277s] -- Detecting CXX compile features - done
[0.280s] -- Found ament_cmake: 1.3.8 (/opt/ros/humble/share/ament_cmake/cmake)
[0.420s] -- Found Python3: /usr/bin/python3 (found version "3.10.12") found components: Interpreter 
[0.478s] -- Override CMake install command with custom implementation using symlinks instead of copying resources
[0.503s] -- Found Protobuf: /opt/spot-cpp-sdk/external/tools/protobuf/protoc-3.21.12.0 (found version "3.21.12.0") 
[0.520s] -- Found ZLIB: /opt/spot-cpp-sdk/external/lib/libz.a (found version "1.3.0") 
[0.568s] -- Looking for pthread.h
[0.635s] -- Looking for pthread.h - found
[0.636s] -- Performing Test CMAKE_HAVE_LIBC_PTHREAD
[0.703s] -- Performing Test CMAKE_HAVE_LIBC_PTHREAD - Success
[0.704s] -- Found Threads: TRUE  
[0.705s] -- Found OpenSSL: /opt/spot-cpp-sdk/external/lib/libcrypto.a (found version "3.2.0")  
[0.707s] -- Found c-ares: /opt/spot-cpp-sdk/external/share/c-ares/c-ares-config.cmake (found version "1.25.0") 
[0.722s] -- Found RE2 via CMake.
[0.727s] -- CMake is running /opt/spot-cpp-sdk/lib/cmake/bosdyn/UseInstallbosdyn.cmake
[0.735s] -- Found OpenCV: /usr (found suitable version "4.5.4", minimum required is "4") 
[0.737s] -- Found bosdyn_api_msgs: 4.0.0 (/opt/ros/humble/share/bosdyn_api_msgs/cmake)
[0.770s] -- Found rosidl_generator_c: 3.1.5 (/opt/ros/humble/share/rosidl_generator_c/cmake)
[0.775s] -- Found rosidl_adapter: 3.1.5 (/opt/ros/humble/share/rosidl_adapter/cmake)
[0.785s] -- Found rosidl_generator_cpp: 3.1.5 (/opt/ros/humble/share/rosidl_generator_cpp/cmake)
[0.798s] -- Using all available rosidl_typesupport_c: rosidl_typesupport_fastrtps_c;rosidl_typesupport_introspection_c
[0.818s] -- Using all available rosidl_typesupport_cpp: rosidl_typesupport_fastrtps_cpp;rosidl_typesupport_introspection_cpp
[1.039s] -- Found PythonInterp: /usr/bin/python3.10 (found version "3.10.12") 
[1.046s] -- Found Protobuf: /opt/spot-cpp-sdk/external/lib/libprotobuf.a (found version "3.21.12") 
[1.049s] -- Found rosidl_default_generators: 1.2.0 (/opt/ros/humble/share/rosidl_default_generators/cmake)
[1.153s] -- Found bosdyn_spot_api_msgs: 4.0.0 (/opt/ros/humble/share/bosdyn_spot_api_msgs/cmake)
[1.262s] -- Found cv_bridge: 3.2.1 (/opt/ros/humble/share/cv_bridge/cmake)
[1.356s] -- Found image_transport: 3.1.9 (/opt/ros/humble/share/image_transport/cmake)
[1.421s] -- Found rmw_implementation_cmake: 6.1.1 (/opt/ros/humble/share/rmw_implementation_cmake/cmake)
[1.423s] -- Found rmw_fastrtps_cpp: 6.2.6 (/opt/ros/humble/share/rmw_fastrtps_cpp/cmake)
[1.498s] -- Found FastRTPS: /opt/ros/humble/include  
[1.546s] -- Using RMW implementation 'rmw_fastrtps_cpp' as default
[1.739s] -- Found OpenCV: /usr (found version "4.5.4") 
[1.741s] -- Found rclcpp_components: 16.0.8 (/opt/ros/humble/share/rclcpp_components/cmake)
[1.797s] -- Found tf2_eigen: 0.25.6 (/opt/ros/humble/share/tf2_eigen/cmake)
[2.077s] -- Found tl_expected: 1.0.2 (/opt/ros/humble/share/tl_expected/cmake)
[2.086s] [31mCMake Error at CMakeLists.txt:36 (find_package):
[2.086s]   By not providing "Findspot_msgs.cmake" in CMAKE_MODULE_PATH this project
[2.086s]   has asked CMake to find a package configuration file provided by
[2.086s]   "spot_msgs", but CMake did not find one.
[2.086s] 
[2.086s]   Could not find a package configuration file provided by "spot_msgs" with
[2.086s]   any of the following names:
[2.086s] 
[2.086s]     spot_msgsConfig.cmake
[2.086s]     spot_msgs-config.cmake
[2.087s] 
[2.087s]   Add the installation prefix of "spot_msgs" to CMAKE_PREFIX_PATH or set
[2.087s]   "spot_msgs_DIR" to a directory containing one of the above files.  If
[2.087s]   "spot_msgs" provides a separate development package or SDK, be sure it has
[2.087s]   been installed.
[2.087s] 
[2.087s] [0m
[2.087s] -- Configuring incomplete, errors occurred!
[2.087s] See also "/home/homer/ros2_ws/src/spot_driver/build/spot_driver/CMakeFiles/CMakeOutput.log".
[2.097s] Invoked command in '/home/homer/ros2_ws/src/spot_driver/build/spot_driver' returned '1': CMAKE_PREFIX_PATH=/opt/ros/humble /usr/bin/cmake /home/homer/ros2_ws/src/spot_driver -DAMENT_CMAKE_SYMLINK_INSTALL=1 -DCMAKE_INSTALL_PREFIX=/home/homer/ros2_ws/src/spot_driver/install/spot_driver
